16:56:16 **** Incremental Build of configuration Debug for project test_apb_rtc ****
make all 
Building file: ../drivers/CoreUARTapb/core_uart_apb.c
Invoking: GNU ARM Cross C Compiler
arm-none-eabi-gcc -mcpu=cortex-m3 -mthumb -O0 -fmessage-length=0 -fsigned-char -ffunction-sections -fdata-sections  -g3 -std=gnu11 --specs=cmsis.specs -MMD -MP -MF"drivers/CoreUARTapb/core_uart_apb.d" -MT"drivers/CoreUARTapb/core_uart_apb.o" -c -o "drivers/CoreUARTapb/core_uart_apb.o" "../drivers/CoreUARTapb/core_uart_apb.c"
In file included from ../drivers/CoreUARTapb/core_uart_apb.c:12:0:
../drivers/CoreUARTapb/core_uart_apb.h:85:10: fatal error: cpu_types.h: No such file or directory
 #include "cpu_types.h"
          ^~~~~~~~~~~~~
compilation terminated.
make: *** [drivers/CoreUARTapb/subdir.mk:20: drivers/CoreUARTapb/core_uart_apb.o] Error 1

16:56:18 Build Failed. 2 errors, 0 warnings. (took 1s.836ms)

